DEBUG: API sequence length: 8 
DEBUG: Selected API index 2 
DEBUG:	 RUN (Constructor : Cframe)  -- : obj_0_idx: 2 
DEBUG:		 Cframe(Cframes[2]) 
DEBUG:	 DONE (Constructor : Cframe) 
DEBUG: Selected API index 2 
DEBUG:	 RUN (Constructor : Cframe)  -- : obj_0_idx: 2 
DEBUG:		 Cframe(Cframes[2]) 
DEBUG:	 DONE (Constructor : Cframe) 
DEBUG: Selected API index 2 
DEBUG:	 RUN (Constructor : Cframe)  -- : obj_0_idx: 0 
DEBUG:		 Cframe(Cframes[0]) 
DEBUG:	 DONE (Constructor : Cframe) 
DEBUG: Selected API index 0 
DEBUG:	 RUN (Constructor : blosc2_storage)  -- : obj_0_idx: 0, input_1: 0 
DEBUG:		 blosc2_storage(Storages[0], 0) 
DEBUG:	 DONE (Constructor : blosc2_storage) 
DEBUG: Selected API index 0 
DEBUG:	 RUN (Constructor : blosc2_storage)  -- : obj_0_idx: 0, input_1: 0 
DEBUG:		 blosc2_storage(Storages[0], 0) 
DEBUG:	 DONE (Constructor : blosc2_storage) 
DEBUG: Selected API index 0 
DEBUG:	 RUN (Constructor : blosc2_storage)  -- : obj_0_idx: 0, input_1: 0 
DEBUG:		 blosc2_storage(Storages[0], 0) 
DEBUG:	 DONE (Constructor : blosc2_storage) 
DEBUG: Selected API index 0 
DEBUG:	 RUN (Constructor : blosc2_storage)  -- : obj_0_idx: 0, input_1: 0 
DEBUG:		 blosc2_storage(Storages[0], 0) 
DEBUG:	 DONE (Constructor : blosc2_storage) 
DEBUG: Selected API index 0 
DEBUG:	 RUN (Constructor : blosc2_storage)  -- : obj_0_idx: 0, input_1: 0 
DEBUG:		 blosc2_storage(Storages[0], 0) 
DEBUG:	 DONE (Constructor : blosc2_storage) 
