DEBUG: API sequence length: 8 
DEBUG: Selected API index 10 
DEBUG: Selected API index 10 
DEBUG: Selected API index 10 
DEBUG: Selected API index 10 
DEBUG: Selected API index 0 
DEBUG:	 RUN (Constructor : blosc2_storage)  -- : obj_0_idx: 0, input_1: 0 
DEBUG:		 blosc2_storage(Storages[0], 0) 
DEBUG:	 DONE (Constructor : blosc2_storage) 
DEBUG: Selected API index 0 
DEBUG:	 RUN (Constructor : blosc2_storage)  -- : obj_0_idx: 0, input_1: 0 
DEBUG:		 blosc2_storage(Storages[0], 0) 
DEBUG:	 DONE (Constructor : blosc2_storage) 
DEBUG: Selected API index 0 
DEBUG:	 RUN (Constructor : blosc2_storage)  -- : obj_0_idx: 0, input_1: 0 
DEBUG:		 blosc2_storage(Storages[0], 0) 
DEBUG:	 DONE (Constructor : blosc2_storage) 
DEBUG: Selected API index 0 
DEBUG:	 RUN (Constructor : blosc2_storage)  -- : obj_0_idx: 0, input_1: 0 
DEBUG:		 blosc2_storage(Storages[0], 0) 
DEBUG:	 DONE (Constructor : blosc2_storage) 
